2024-07-29 12:02:34,997 - ServerLogger - INFO - [32m[32mStarting CRW4 application at D:\CRW4\CRW4.exe[0m[0m
2024-07-29 12:02:37,624 - ServerLogger - INFO - [32m[32mCRW4 application started successfully[0m[0m
2024-07-29 12:02:43,678 - ServerLogger - DEBUG - [36m[36mEdit Field field found![0m[0m
2024-07-29 12:02:44,182 - ServerLogger - DEBUG - [36m[36mText 'sodium' set successfully in Field: Chemicals::y_gSearchName![0m[0m
2024-07-29 12:02:44,263 - ServerLogger - DEBUG - [36m[36mEdit Field field found![0m[0m
2024-07-29 12:02:44,988 - ServerLogger - DEBUG - [36m[36mText '7440-23-5' set successfully in Field: Chemicals::y_gSearchCAS![0m[0m
2024-07-29 12:02:45,070 - ServerLogger - DEBUG - [36m[36mEdit Field field found![0m[0m
2024-07-29 12:02:46,287 - ServerLogger - DEBUG - [36m[36mText '1428' set successfully in Field: Chemicals::y_gSearchUN![0m[0m
2024-07-29 12:02:46,289 - ServerLogger - INFO - [32m[32mInserting chemical: sodium, CAS: 7440-23-5, UN: 1428 successfully[0m[0m
2024-07-29 12:03:44,621 - ServerLogger - INFO - [32m[32mresult message: None[0m[0m
2024-07-29 12:04:02,821 - ServerLogger - INFO - [32m[32mStarting CRW4 application at D:\CRW4\CRW4.exe[0m[0m
2024-07-29 12:16:03,165 - ServerLogger - INFO - [32m[32mStarting CRW4 application at D:\CRW4\CRW4.exe[0m[0m
2024-07-29 12:16:20,618 - ServerLogger - INFO - [32m[32mStarting CRW4 application at D:\CRW4\CRW4.exe[0m[0m
2024-07-29 12:16:25,447 - ServerLogger - INFO - [32m[32mCRW4 application started successfully[0m[0m
2024-07-29 12:16:38,693 - ServerLogger - INFO - [32m[32mresult message: None[0m[0m
2024-07-29 12:25:37,626 - ServerLogger - WARNING - [33m[33m找到複數筆資料: [0m[0m
2024-07-29 12:25:37,627 - ServerLogger - INFO - [32m[32mSearch result: None[0m[0m
2024-07-29 12:25:48,857 - ServerLogger - DEBUG - [36m[36mEdit Field field found![0m[0m
2024-07-29 12:25:49,651 - ServerLogger - DEBUG - [36m[36mText 'sodium' set successfully in Field: Chemicals::y_gSearchName![0m[0m
2024-07-29 12:25:49,734 - ServerLogger - DEBUG - [36m[36mEdit Field field found![0m[0m
2024-07-29 12:25:50,479 - ServerLogger - DEBUG - [36m[36mText '7440-23-5' set successfully in Field: Chemicals::y_gSearchCAS![0m[0m
2024-07-29 12:25:50,564 - ServerLogger - DEBUG - [36m[36mEdit Field field found![0m[0m
2024-07-29 12:25:51,291 - ServerLogger - DEBUG - [36m[36mText '1428' set successfully in Field: Chemicals::y_gSearchUN![0m[0m
2024-07-29 12:25:51,292 - ServerLogger - INFO - [32m[32mInserting chemical: sodium, CAS: 7440-23-5, UN: 1428 successfully[0m[0m
2024-07-29 12:25:56,962 - ServerLogger - INFO - [32m[32m找到一筆準確資料: sodiumCAS # ->7440-23-5UN # -> 1428[0m[0m
2024-07-29 12:25:56,963 - ServerLogger - INFO - [32m[32mSearch result: 找到一筆準確資料: sodiumCAS # ->7440-23-5UN # -> 1428[0m[0m
2024-07-29 12:26:12,220 - ServerLogger - DEBUG - [36m[36mEdit Field field found![0m[0m
2024-07-29 12:26:12,989 - ServerLogger - DEBUG - [36m[36mText 'sodium' set successfully in Field: Chemicals::y_gSearchName![0m[0m
2024-07-29 12:26:13,073 - ServerLogger - DEBUG - [36m[36mEdit Field field found![0m[0m
2024-07-29 12:26:13,813 - ServerLogger - DEBUG - [36m[36mText '7440-23-5' set successfully in Field: Chemicals::y_gSearchCAS![0m[0m
2024-07-29 12:26:13,901 - ServerLogger - DEBUG - [36m[36mEdit Field field found![0m[0m
2024-07-29 12:26:14,628 - ServerLogger - DEBUG - [36m[36mText '1428' set successfully in Field: Chemicals::y_gSearchUN![0m[0m
2024-07-29 12:26:14,629 - ServerLogger - INFO - [32m[32mInserting chemical: sodium, CAS: 7440-23-5, UN: 1428 successfully[0m[0m
